TN:
SF:src\modules\appointments\services\CreateAppointmentService.ts
FN:44,__decorate
FN:44,__metadata
FN:44,__param
FN:44,__awaiter
FN:44,adopt
FN:44,fulfilled
FN:44,rejected
FN:44,step
FN:44,__generator
FN:44,sent
FN:44,g.<computed>
FN:44,verb
FN:44,step
FN:44,__importDefault
FN:16,CreateAppointmentService
FN:21,CreateAppointmentService.execute
FNF:16
FNH:14
FNDA:1,__decorate
FNDA:1,__metadata
FNDA:1,__param
FNDA:3,__awaiter
FNDA:5,adopt
FNDA:5,fulfilled
FNDA:0,rejected
FNDA:7,step
FNDA:3,__generator
FNDA:5,sent
FNDA:0,g.<computed>
FNDA:9,verb
FNDA:8,step
FNDA:1,__importDefault
FNDA:2,CreateAppointmentService
FNDA:3,CreateAppointmentService.execute
DA:1,1
DA:2,1
DA:3,1
DA:4,1
DA:5,1
DA:6,1
DA:7,1
DA:8,1
DA:9,1
DA:10,1
DA:11,1
DA:12,1
DA:13,1
DA:14,1
DA:15,1
DA:16,1
DA:17,2
DA:18,2
DA:19,2
DA:20,1
DA:21,1
DA:22,3
DA:23,3
DA:24,3
DA:25,3
DA:26,3
DA:27,3
DA:28,3
DA:29,3
DA:30,3
DA:31,3
DA:32,3
DA:33,1
DA:34,1
DA:35,2
DA:36,2
DA:37,2
DA:38,2
DA:39,2
DA:40,2
DA:41,3
DA:42,3
DA:43,3
DA:44,1
LF:44
LH:44
BRDA:44,0,0,1
BRDA:44,1,0,1
BRDA:44,2,0,0
BRDA:44,3,0,0
BRDA:44,4,0,0
BRDA:44,5,0,0
BRDA:44,6,0,1
BRDA:44,7,0,1
BRDA:44,8,0,1
BRDA:44,9,0,3
BRDA:44,10,0,5
BRDA:44,11,0,0
BRDA:44,12,0,3
BRDA:44,13,0,5
BRDA:44,14,0,4
BRDA:44,15,0,1
BRDA:44,16,0,7
BRDA:44,17,0,2
BRDA:44,18,0,5
BRDA:44,19,0,3
BRDA:44,20,0,5
BRDA:44,21,0,0
BRDA:44,22,0,9
BRDA:44,23,0,8
BRDA:44,24,0,8
BRDA:44,25,0,0
BRDA:44,26,0,16
BRDA:44,27,0,0
BRDA:44,28,0,0
BRDA:44,29,0,0
BRDA:44,30,0,0
BRDA:44,31,0,8
BRDA:44,32,0,8
BRDA:44,33,0,5
BRDA:44,34,0,0
BRDA:44,35,0,0
BRDA:44,36,0,3
BRDA:44,37,0,0
BRDA:44,38,0,2
BRDA:44,39,0,0
BRDA:44,40,0,0
BRDA:44,41,0,0
BRDA:44,42,0,0
BRDA:44,43,0,8
BRDA:44,44,0,7
BRDA:44,45,0,1
BRDA:44,46,0,8
BRDA:44,47,0,3
BRDA:44,48,0,1
BRDA:44,49,0,2
BRDA:44,50,0,0
BRDA:44,51,0,1
BRDA:44,52,0,0
BRDA:15,53,0,1
BRDA:16,54,0,2
BRDA:21,55,0,3
BRDA:44,56,0,3
BRDA:44,57,0,8
BRDA:44,58,0,3
BRDA:44,59,0,3
BRDA:32,60,0,1
BRDA:34,61,0,2
BRDA:44,62,0,2
BRF:63
BRH:43
end_of_record
TN:
SF:src\modules\appointments\services\ListProviderDayAvailabilityService.ts
FN:63,__decorate
FN:63,__metadata
FN:63,__param
FN:63,__awaiter
FN:63,adopt
FN:63,fulfilled
FN:63,rejected
FN:63,step
FN:63,__generator
FN:63,sent
FN:63,g.<computed>
FN:63,verb
FN:63,step
FN:19,ListProviderMonthAvailabilityService
FN:24,ListProviderMonthAvailabilityService.execute
FNF:15
FNH:13
FNDA:1,__decorate
FNDA:1,__metadata
FNDA:1,__param
FNDA:1,__awaiter
FNDA:1,adopt
FNDA:1,fulfilled
FNDA:0,rejected
FNDA:2,step
FNDA:1,__generator
FNDA:1,sent
FNDA:0,g.<computed>
FNDA:3,verb
FNDA:2,step
FNDA:1,ListProviderMonthAvailabilityService
FNDA:1,ListProviderMonthAvailabilityService.execute
DA:1,1
DA:2,1
DA:3,1
DA:4,1
DA:5,1
DA:6,1
DA:7,1
DA:8,1
DA:9,1
DA:10,1
DA:11,1
DA:12,1
DA:13,1
DA:14,1
DA:15,1
DA:16,1
DA:17,1
DA:18,1
DA:19,1
DA:20,1
DA:21,1
DA:22,1
DA:23,1
DA:24,1
DA:25,1
DA:26,1
DA:27,1
DA:28,1
DA:29,1
DA:30,1
DA:31,1
DA:32,1
DA:33,1
DA:34,1
DA:35,1
DA:36,1
DA:37,1
DA:38,1
DA:39,1
DA:40,1
DA:41,1
DA:42,1
DA:43,1
DA:44,1
DA:45,1
DA:46,1
DA:47,1
DA:48,1
DA:49,10
DA:50,10
DA:51,10
DA:52,10
DA:53,10
DA:54,10
DA:55,10
DA:56,10
DA:57,10
DA:58,10
DA:59,1
DA:60,1
DA:61,1
DA:62,1
DA:63,1
LF:63
LH:63
BRDA:63,0,0,1
BRDA:63,1,0,1
BRDA:63,2,0,0
BRDA:63,3,0,0
BRDA:63,4,0,0
BRDA:63,5,0,0
BRDA:63,6,0,1
BRDA:63,7,0,1
BRDA:63,8,0,1
BRDA:63,9,0,1
BRDA:63,10,0,1
BRDA:63,11,0,0
BRDA:63,12,0,1
BRDA:63,13,0,1
BRDA:63,14,0,0
BRDA:63,15,0,2
BRDA:63,16,0,1
BRDA:63,17,0,1
BRDA:63,18,0,1
BRDA:63,19,0,1
BRDA:63,20,0,0
BRDA:63,21,0,3
BRDA:63,22,0,2
BRDA:63,23,0,2
BRDA:63,24,0,0
BRDA:63,25,0,4
BRDA:63,26,0,0
BRDA:63,27,0,0
BRDA:63,28,0,0
BRDA:63,29,0,0
BRDA:63,30,0,2
BRDA:63,31,0,2
BRDA:63,32,0,1
BRDA:63,33,0,0
BRDA:63,34,0,0
BRDA:63,35,0,1
BRDA:63,36,0,0
BRDA:63,37,0,0
BRDA:63,38,0,0
BRDA:63,39,0,0
BRDA:63,40,0,0
BRDA:63,41,0,2
BRDA:63,42,0,0
BRDA:63,43,0,2
BRDA:63,44,0,1
BRDA:63,45,0,0
BRDA:63,46,0,1
BRDA:63,47,0,0
BRDA:18,48,0,1
BRDA:19,49,0,1
BRDA:24,50,0,1
BRDA:63,51,0,1
BRDA:63,52,0,2
BRDA:30,53,0,1
BRDA:63,54,0,1
BRDA:43,55,0,10
BRDA:48,56,0,10
BRDA:57,57,0,9
BRDA:50,58,0,10
BRF:59
BRH:37
end_of_record
TN:
SF:src\modules\appointments\services\ListProviderMonthAvailabilityService.ts
FN:56,__decorate
FN:56,__metadata
FN:56,__param
FN:56,__awaiter
FN:56,adopt
FN:56,fulfilled
FN:56,rejected
FN:56,step
FN:56,__generator
FN:56,sent
FN:56,g.<computed>
FN:56,verb
FN:56,step
FN:18,ListProviderMonthAvailabilityService
FN:23,ListProviderMonthAvailabilityService.execute
FNF:15
FNH:13
FNDA:1,__decorate
FNDA:1,__metadata
FNDA:1,__param
FNDA:1,__awaiter
FNDA:1,adopt
FNDA:1,fulfilled
FNDA:0,rejected
FNDA:2,step
FNDA:1,__generator
FNDA:1,sent
FNDA:0,g.<computed>
FNDA:3,verb
FNDA:2,step
FNDA:1,ListProviderMonthAvailabilityService
FNDA:1,ListProviderMonthAvailabilityService.execute
DA:1,1
DA:2,1
DA:3,1
DA:4,1
DA:5,1
DA:6,1
DA:7,1
DA:8,1
DA:9,1
DA:10,1
DA:11,1
DA:12,1
DA:13,1
DA:14,1
DA:15,1
DA:16,1
DA:17,1
DA:18,1
DA:19,1
DA:20,1
DA:21,1
DA:22,1
DA:23,1
DA:24,1
DA:25,1
DA:26,1
DA:27,1
DA:28,1
DA:29,1
DA:30,1
DA:31,1
DA:32,1
DA:33,1
DA:34,1
DA:35,1
DA:36,1
DA:37,1
DA:38,1
DA:39,1
DA:40,1
DA:41,1
DA:42,1
DA:43,1
DA:44,31
DA:45,310
DA:46,31
DA:47,31
DA:48,31
DA:49,31
DA:50,31
DA:51,31
DA:52,1
DA:53,1
DA:54,1
DA:55,1
DA:56,1
LF:56
LH:56
BRDA:56,0,0,1
BRDA:56,1,0,1
BRDA:56,2,0,0
BRDA:56,3,0,0
BRDA:56,4,0,0
BRDA:56,5,0,0
BRDA:56,6,0,1
BRDA:56,7,0,1
BRDA:56,8,0,1
BRDA:56,9,0,1
BRDA:56,10,0,1
BRDA:56,11,0,0
BRDA:56,12,0,1
BRDA:56,13,0,1
BRDA:56,14,0,0
BRDA:56,15,0,2
BRDA:56,16,0,1
BRDA:56,17,0,1
BRDA:56,18,0,1
BRDA:56,19,0,1
BRDA:56,20,0,0
BRDA:56,21,0,3
BRDA:56,22,0,2
BRDA:56,23,0,2
BRDA:56,24,0,0
BRDA:56,25,0,4
BRDA:56,26,0,0
BRDA:56,27,0,0
BRDA:56,28,0,0
BRDA:56,29,0,0
BRDA:56,30,0,2
BRDA:56,31,0,2
BRDA:56,32,0,1
BRDA:56,33,0,0
BRDA:56,34,0,0
BRDA:56,35,0,1
BRDA:56,36,0,0
BRDA:56,37,0,0
BRDA:56,38,0,0
BRDA:56,39,0,0
BRDA:56,40,0,0
BRDA:56,41,0,2
BRDA:56,42,0,0
BRDA:56,43,0,2
BRDA:56,44,0,1
BRDA:56,45,0,0
BRDA:56,46,0,1
BRDA:56,47,0,0
BRDA:17,48,0,1
BRDA:18,49,0,1
BRDA:23,50,0,1
BRDA:56,51,0,1
BRDA:56,52,0,2
BRDA:28,53,0,1
BRDA:56,54,0,1
BRDA:40,55,0,31
BRDA:43,56,0,31
BRDA:44,57,0,310
BRF:58
BRH:36
end_of_record
TN:
SF:src\modules\appointments\services\ListProvidersService.ts
FN:23,__decorate
FN:23,__metadata
FN:23,__param
FN:23,__awaiter
FN:23,adopt
FN:23,fulfilled
FN:23,rejected
FN:23,step
FN:23,__generator
FN:23,sent
FN:23,g.<computed>
FN:23,verb
FN:23,step
FN:11,ListProvidersService
FN:16,ListProvidersService.execute
FNF:15
FNH:13
FNDA:1,__decorate
FNDA:1,__metadata
FNDA:1,__param
FNDA:1,__awaiter
FNDA:1,adopt
FNDA:1,fulfilled
FNDA:0,rejected
FNDA:2,step
FNDA:1,__generator
FNDA:1,sent
FNDA:0,g.<computed>
FNDA:3,verb
FNDA:2,step
FNDA:1,ListProvidersService
FNDA:1,ListProvidersService.execute
DA:1,1
DA:2,1
DA:3,1
DA:4,1
DA:5,1
DA:6,1
DA:7,1
DA:8,1
DA:9,1
DA:10,1
DA:11,1
DA:12,1
DA:13,1
DA:14,1
DA:15,1
DA:16,1
DA:17,1
DA:18,1
DA:19,1
DA:20,1
DA:21,1
DA:22,1
DA:23,1
LF:23
LH:23
BRDA:23,0,0,1
BRDA:23,1,0,1
BRDA:23,2,0,0
BRDA:23,3,0,0
BRDA:23,4,0,0
BRDA:23,5,0,0
BRDA:23,6,0,1
BRDA:23,7,0,1
BRDA:23,8,0,1
BRDA:23,9,0,1
BRDA:23,10,0,1
BRDA:23,11,0,0
BRDA:23,12,0,1
BRDA:23,13,0,1
BRDA:23,14,0,0
BRDA:23,15,0,2
BRDA:23,16,0,1
BRDA:23,17,0,1
BRDA:23,18,0,1
BRDA:23,19,0,1
BRDA:23,20,0,0
BRDA:23,21,0,3
BRDA:23,22,0,2
BRDA:23,23,0,2
BRDA:23,24,0,0
BRDA:23,25,0,4
BRDA:23,26,0,0
BRDA:23,27,0,0
BRDA:23,28,0,0
BRDA:23,29,0,0
BRDA:23,30,0,2
BRDA:23,31,0,2
BRDA:23,32,0,1
BRDA:23,33,0,0
BRDA:23,34,0,0
BRDA:23,35,0,1
BRDA:23,36,0,0
BRDA:23,37,0,0
BRDA:23,38,0,0
BRDA:23,39,0,0
BRDA:23,40,0,0
BRDA:23,41,0,2
BRDA:23,42,0,0
BRDA:23,43,0,2
BRDA:23,44,0,1
BRDA:23,45,0,0
BRDA:23,46,0,1
BRDA:23,47,0,0
BRDA:10,48,0,1
BRDA:11,49,0,1
BRDA:16,50,0,1
BRDA:23,51,0,1
BRDA:23,52,0,2
BRDA:17,53,0,1
BRDA:23,54,0,1
BRF:55
BRH:33
end_of_record
TN:
SF:src\modules\users\services\CreateSessionService.ts
FN:54,__decorate
FN:54,__metadata
FN:54,__param
FN:54,__awaiter
FN:54,adopt
FN:54,fulfilled
FN:54,rejected
FN:54,step
FN:54,__generator
FN:54,sent
FN:54,g.<computed>
FN:54,verb
FN:54,step
FN:54,__importDefault
FN:21,CreateSessionService
FN:29,CreateSessionService.execute
FNF:16
FNH:14
FNDA:1,__decorate
FNDA:1,__metadata
FNDA:2,__param
FNDA:3,__awaiter
FNDA:5,adopt
FNDA:5,fulfilled
FNDA:0,rejected
FNDA:6,step
FNDA:3,__generator
FNDA:5,sent
FNDA:0,g.<computed>
FNDA:9,verb
FNDA:8,step
FNDA:2,__importDefault
FNDA:3,CreateSessionService
FNDA:3,CreateSessionService.execute
DA:1,1
DA:2,1
DA:3,1
DA:4,1
DA:5,1
DA:6,1
DA:7,1
DA:8,1
DA:9,1
DA:10,1
DA:11,1
DA:12,1
DA:13,1
DA:14,1
DA:15,1
DA:16,1
DA:17,1
DA:18,1
DA:19,1
DA:20,1
DA:21,1
DA:22,3
DA:23,3
DA:24,3
DA:25,3
DA:26,3
DA:27,3
DA:28,1
DA:29,1
DA:30,3
DA:31,3
DA:32,3
DA:33,1
DA:34,1
DA:35,2
DA:36,2
DA:37,2
DA:38,2
DA:39,2
DA:40,3
DA:41,3
DA:42,1
DA:43,1
DA:44,1
DA:45,1
DA:46,1
DA:47,1
DA:48,1
DA:49,1
DA:50,1
DA:51,1
DA:52,1
DA:53,3
DA:54,1
LF:54
LH:54
BRDA:54,0,0,1
BRDA:54,1,0,1
BRDA:54,2,0,0
BRDA:54,3,0,0
BRDA:54,4,0,0
BRDA:54,5,0,0
BRDA:54,6,0,1
BRDA:54,7,0,2
BRDA:54,8,0,2
BRDA:54,9,0,3
BRDA:54,10,0,5
BRDA:54,11,0,0
BRDA:54,12,0,3
BRDA:54,13,0,5
BRDA:54,14,0,3
BRDA:54,15,0,2
BRDA:54,16,0,6
BRDA:54,17,0,1
BRDA:54,18,0,5
BRDA:54,19,0,3
BRDA:54,20,0,5
BRDA:54,21,0,0
BRDA:54,22,0,9
BRDA:54,23,0,8
BRDA:54,24,0,8
BRDA:54,25,0,0
BRDA:54,26,0,16
BRDA:54,27,0,0
BRDA:54,28,0,0
BRDA:54,29,0,0
BRDA:54,30,0,0
BRDA:54,31,0,8
BRDA:54,32,0,8
BRDA:54,33,0,5
BRDA:54,34,0,0
BRDA:54,35,0,0
BRDA:54,36,0,3
BRDA:54,37,0,0
BRDA:54,38,0,1
BRDA:54,39,0,0
BRDA:54,40,0,0
BRDA:54,41,0,0
BRDA:54,42,0,0
BRDA:54,43,0,8
BRDA:54,44,0,6
BRDA:54,45,0,2
BRDA:54,46,0,8
BRDA:54,47,0,3
BRDA:54,48,0,2
BRDA:54,49,0,1
BRDA:54,50,0,0
BRDA:54,51,0,2
BRDA:54,52,0,0
BRDA:20,53,0,1
BRDA:21,54,0,3
BRDA:29,55,0,3
BRDA:54,56,0,3
BRDA:54,57,0,8
BRDA:30,58,0,3
BRDA:54,59,0,3
BRDA:32,60,0,1
BRDA:34,61,0,2
BRDA:54,62,0,2
BRDA:41,63,0,1
BRF:64
BRH:44
end_of_record
TN:
SF:src\modules\users\services\CreateUserService.ts
FN:40,__decorate
FN:40,__metadata
FN:40,__param
FN:40,__awaiter
FN:40,adopt
FN:40,fulfilled
FN:40,rejected
FN:40,step
FN:40,__generator
FN:40,sent
FN:40,g.<computed>
FN:40,verb
FN:40,step
FN:40,__importDefault
FN:15,CreateUserService
FN:23,CreateUserService.execute
FNF:16
FNH:14
FNDA:2,__decorate
FNDA:2,__metadata
FNDA:4,__param
FNDA:5,__awaiter
FNDA:13,adopt
FNDA:13,fulfilled
FNDA:0,rejected
FNDA:17,step
FNDA:5,__generator
FNDA:13,sent
FNDA:0,g.<computed>
FNDA:15,verb
FNDA:18,step
FNDA:2,__importDefault
FNDA:5,CreateUserService
FNDA:5,CreateUserService.execute
DA:1,1
DA:2,1
DA:3,1
DA:4,1
DA:5,1
DA:6,1
DA:7,1
DA:8,1
DA:9,1
DA:10,1
DA:11,1
DA:12,1
DA:13,1
DA:14,2
DA:15,2
DA:16,5
DA:17,5
DA:18,5
DA:19,5
DA:20,5
DA:21,5
DA:22,2
DA:23,2
DA:24,5
DA:25,5
DA:26,5
DA:27,1
DA:28,1
DA:29,4
DA:30,4
DA:31,5
DA:32,5
DA:33,5
DA:34,5
DA:35,5
DA:36,5
DA:37,5
DA:38,5
DA:39,5
DA:40,2
LF:40
LH:40
BRDA:40,0,0,2
BRDA:40,1,0,2
BRDA:40,2,0,0
BRDA:40,3,0,0
BRDA:40,4,0,0
BRDA:40,5,0,0
BRDA:40,6,0,2
BRDA:40,7,0,4
BRDA:40,8,0,4
BRDA:40,9,0,5
BRDA:40,10,0,13
BRDA:40,11,0,0
BRDA:40,12,0,5
BRDA:40,13,0,13
BRDA:40,14,0,12
BRDA:40,15,0,1
BRDA:40,16,0,17
BRDA:40,17,0,4
BRDA:40,18,0,13
BRDA:40,19,0,5
BRDA:40,20,0,13
BRDA:40,21,0,0
BRDA:40,22,0,15
BRDA:40,23,0,18
BRDA:40,24,0,18
BRDA:40,25,0,0
BRDA:40,26,0,36
BRDA:40,27,0,0
BRDA:40,28,0,0
BRDA:40,29,0,0
BRDA:40,30,0,0
BRDA:40,31,0,18
BRDA:40,32,0,18
BRDA:40,33,0,13
BRDA:40,34,0,0
BRDA:40,35,0,0
BRDA:40,36,0,5
BRDA:40,37,0,0
BRDA:40,38,0,4
BRDA:40,39,0,0
BRDA:40,40,0,0
BRDA:40,41,0,0
BRDA:40,42,0,0
BRDA:40,43,0,28
BRDA:40,44,0,18
BRDA:40,45,0,17
BRDA:40,46,0,1
BRDA:40,47,0,18
BRDA:40,48,0,5
BRDA:40,49,0,1
BRDA:40,50,0,4
BRDA:40,51,0,0
BRDA:40,52,0,2
BRDA:40,53,0,0
BRDA:14,54,0,2
BRDA:15,55,0,5
BRDA:23,56,0,5
BRDA:40,57,0,5
BRDA:40,58,0,18
BRDA:24,59,0,5
BRDA:40,60,0,5
BRDA:26,61,0,1
BRDA:28,62,0,4
BRDA:40,63,0,4
BRDA:40,64,0,4
BRF:65
BRH:45
end_of_record
TN:
SF:src\modules\users\services\ResetPasswordService.ts
FN:52,__decorate
FN:52,__metadata
FN:52,__param
FN:52,__awaiter
FN:52,adopt
FN:52,fulfilled
FN:52,rejected
FN:52,step
FN:52,__generator
FN:52,sent
FN:52,g.<computed>
FN:52,verb
FN:52,step
FN:52,__importDefault
FN:17,ResetPasswordService
FN:28,ResetPasswordService.execute
FNF:16
FNH:14
FNDA:1,__decorate
FNDA:1,__metadata
FNDA:3,__param
FNDA:4,__awaiter
FNDA:9,adopt
FNDA:9,fulfilled
FNDA:0,rejected
FNDA:10,step
FNDA:4,__generator
FNDA:9,sent
FNDA:0,g.<computed>
FNDA:12,verb
FNDA:13,step
FNDA:1,__importDefault
FNDA:4,ResetPasswordService
FNDA:4,ResetPasswordService.execute
DA:1,1
DA:2,1
DA:3,1
DA:4,1
DA:5,1
DA:6,1
DA:7,1
DA:8,1
DA:9,1
DA:10,1
DA:11,1
DA:12,1
DA:13,1
DA:14,1
DA:15,1
DA:16,1
DA:17,1
DA:18,4
DA:19,4
DA:20,4
DA:21,4
DA:22,4
DA:23,4
DA:24,4
DA:25,4
DA:26,4
DA:27,1
DA:28,1
DA:29,4
DA:30,4
DA:31,4
DA:32,1
DA:33,1
DA:34,3
DA:35,3
DA:36,4
DA:37,4
DA:38,1
DA:39,1
DA:40,2
DA:41,2
DA:42,2
DA:43,2
DA:44,4
DA:45,1
DA:46,1
DA:47,1
DA:48,1
DA:49,4
DA:50,4
DA:51,4
DA:52,1
LF:52
LH:52
BRDA:52,0,0,1
BRDA:52,1,0,1
BRDA:52,2,0,0
BRDA:52,3,0,0
BRDA:52,4,0,0
BRDA:52,5,0,0
BRDA:52,6,0,1
BRDA:52,7,0,3
BRDA:52,8,0,3
BRDA:52,9,0,4
BRDA:52,10,0,9
BRDA:52,11,0,0
BRDA:52,12,0,4
BRDA:52,13,0,9
BRDA:52,14,0,6
BRDA:52,15,0,3
BRDA:52,16,0,10
BRDA:52,17,0,1
BRDA:52,18,0,9
BRDA:52,19,0,4
BRDA:52,20,0,9
BRDA:52,21,0,0
BRDA:52,22,0,12
BRDA:52,23,0,13
BRDA:52,24,0,13
BRDA:52,25,0,0
BRDA:52,26,0,26
BRDA:52,27,0,0
BRDA:52,28,0,0
BRDA:52,29,0,0
BRDA:52,30,0,0
BRDA:52,31,0,13
BRDA:52,32,0,13
BRDA:52,33,0,9
BRDA:52,34,0,0
BRDA:52,35,0,0
BRDA:52,36,0,4
BRDA:52,37,0,0
BRDA:52,38,0,1
BRDA:52,39,0,0
BRDA:52,40,0,0
BRDA:52,41,0,0
BRDA:52,42,0,0
BRDA:52,43,0,13
BRDA:52,44,0,10
BRDA:52,45,0,3
BRDA:52,46,0,13
BRDA:52,47,0,4
BRDA:52,48,0,3
BRDA:52,49,0,1
BRDA:52,50,0,0
BRDA:52,51,0,1
BRDA:52,52,0,0
BRDA:16,53,0,1
BRDA:17,54,0,4
BRDA:28,55,0,4
BRDA:52,56,0,4
BRDA:52,57,0,13
BRDA:29,58,0,4
BRDA:52,59,0,4
BRDA:31,60,0,1
BRDA:33,61,0,3
BRDA:52,62,0,3
BRDA:37,63,0,1
BRDA:39,64,0,2
BRDA:44,65,0,1
BRDA:52,66,0,1
BRDA:52,67,0,1
BRF:68
BRH:48
end_of_record
TN:
SF:src\modules\users\services\SendForgotPasswordEmailService.ts
FN:58,__decorate
FN:58,__metadata
FN:58,__param
FN:58,__awaiter
FN:58,adopt
FN:58,fulfilled
FN:58,rejected
FN:58,step
FN:58,__generator
FN:58,sent
FN:58,g.<computed>
FN:58,verb
FN:58,step
FN:58,__importDefault
FN:16,SendForgotPasswordEmailService
FN:27,SendForgotPasswordEmailService.execute
FNF:16
FNH:14
FNDA:1,__decorate
FNDA:1,__metadata
FNDA:3,__param
FNDA:3,__awaiter
FNDA:7,adopt
FNDA:7,fulfilled
FNDA:0,rejected
FNDA:9,step
FNDA:3,__generator
FNDA:7,sent
FNDA:0,g.<computed>
FNDA:9,verb
FNDA:10,step
FNDA:2,__importDefault
FNDA:3,SendForgotPasswordEmailService
FNDA:3,SendForgotPasswordEmailService.execute
DA:1,1
DA:2,1
DA:3,1
DA:4,1
DA:5,1
DA:6,1
DA:7,1
DA:8,1
DA:9,1
DA:10,1
DA:11,1
DA:12,1
DA:13,1
DA:14,1
DA:15,1
DA:16,1
DA:17,3
DA:18,3
DA:19,3
DA:20,3
DA:21,3
DA:22,3
DA:23,3
DA:24,3
DA:25,3
DA:26,1
DA:27,1
DA:28,3
DA:29,3
DA:30,3
DA:31,1
DA:32,1
DA:33,2
DA:34,2
DA:35,3
DA:36,3
DA:37,3
DA:38,3
DA:39,3
DA:40,3
DA:41,3
DA:42,3
DA:43,3
DA:44,3
DA:45,3
DA:46,3
DA:47,3
DA:48,3
DA:49,3
DA:50,3
DA:51,3
DA:52,3
DA:53,3
DA:54,3
DA:55,3
DA:56,3
DA:57,3
DA:58,1
LF:58
LH:58
BRDA:58,0,0,1
BRDA:58,1,0,1
BRDA:58,2,0,0
BRDA:58,3,0,0
BRDA:58,4,0,0
BRDA:58,5,0,0
BRDA:58,6,0,1
BRDA:58,7,0,3
BRDA:58,8,0,3
BRDA:58,9,0,3
BRDA:58,10,0,7
BRDA:58,11,0,0
BRDA:58,12,0,3
BRDA:58,13,0,7
BRDA:58,14,0,6
BRDA:58,15,0,1
BRDA:58,16,0,9
BRDA:58,17,0,2
BRDA:58,18,0,7
BRDA:58,19,0,3
BRDA:58,20,0,7
BRDA:58,21,0,0
BRDA:58,22,0,9
BRDA:58,23,0,10
BRDA:58,24,0,10
BRDA:58,25,0,0
BRDA:58,26,0,20
BRDA:58,27,0,0
BRDA:58,28,0,0
BRDA:58,29,0,0
BRDA:58,30,0,0
BRDA:58,31,0,10
BRDA:58,32,0,10
BRDA:58,33,0,7
BRDA:58,34,0,0
BRDA:58,35,0,0
BRDA:58,36,0,3
BRDA:58,37,0,0
BRDA:58,38,0,2
BRDA:58,39,0,0
BRDA:58,40,0,0
BRDA:58,41,0,0
BRDA:58,42,0,0
BRDA:58,43,0,10
BRDA:58,44,0,9
BRDA:58,45,0,1
BRDA:58,46,0,10
BRDA:58,47,0,3
BRDA:58,48,0,1
BRDA:58,49,0,2
BRDA:58,50,0,0
BRDA:58,51,0,2
BRDA:58,52,0,1
BRDA:58,53,0,1
BRDA:15,54,0,1
BRDA:16,55,0,3
BRDA:27,56,0,3
BRDA:58,57,0,3
BRDA:58,58,0,10
BRDA:28,59,0,3
BRDA:58,60,0,3
BRDA:30,61,0,1
BRDA:32,62,0,2
BRDA:58,63,0,2
BRDA:58,64,0,2
BRF:65
BRH:46
end_of_record
TN:
SF:src\modules\users\services\ShowProfileService.ts
FN:26,__decorate
FN:26,__metadata
FN:26,__param
FN:26,__awaiter
FN:26,adopt
FN:26,fulfilled
FN:26,rejected
FN:26,step
FN:26,__generator
FN:26,sent
FN:26,g.<computed>
FN:26,verb
FN:26,step
FN:26,__importDefault
FN:12,ShowProfileService
FN:17,ShowProfileService.execute
FNF:16
FNH:14
FNDA:1,__decorate
FNDA:1,__metadata
FNDA:1,__param
FNDA:2,__awaiter
FNDA:2,adopt
FNDA:2,fulfilled
FNDA:0,rejected
FNDA:3,step
FNDA:2,__generator
FNDA:2,sent
FNDA:0,g.<computed>
FNDA:6,verb
FNDA:4,step
FNDA:1,__importDefault
FNDA:2,ShowProfileService
FNDA:2,ShowProfileService.execute
DA:1,1
DA:2,1
DA:3,1
DA:4,1
DA:5,1
DA:6,1
DA:7,1
DA:8,1
DA:9,1
DA:10,1
DA:11,1
DA:12,1
DA:13,2
DA:14,2
DA:15,2
DA:16,1
DA:17,1
DA:18,2
DA:19,2
DA:20,2
DA:21,1
DA:22,1
DA:23,1
DA:24,1
DA:25,2
DA:26,1
LF:26
LH:26
BRDA:26,0,0,1
BRDA:26,1,0,1
BRDA:26,2,0,0
BRDA:26,3,0,0
BRDA:26,4,0,0
BRDA:26,5,0,0
BRDA:26,6,0,1
BRDA:26,7,0,1
BRDA:26,8,0,1
BRDA:26,9,0,2
BRDA:26,10,0,2
BRDA:26,11,0,0
BRDA:26,12,0,2
BRDA:26,13,0,2
BRDA:26,14,0,1
BRDA:26,15,0,3
BRDA:26,16,0,1
BRDA:26,17,0,2
BRDA:26,18,0,2
BRDA:26,19,0,2
BRDA:26,20,0,0
BRDA:26,21,0,6
BRDA:26,22,0,4
BRDA:26,23,0,4
BRDA:26,24,0,0
BRDA:26,25,0,8
BRDA:26,26,0,0
BRDA:26,27,0,0
BRDA:26,28,0,0
BRDA:26,29,0,0
BRDA:26,30,0,4
BRDA:26,31,0,4
BRDA:26,32,0,2
BRDA:26,33,0,0
BRDA:26,34,0,0
BRDA:26,35,0,2
BRDA:26,36,0,0
BRDA:26,37,0,1
BRDA:26,38,0,0
BRDA:26,39,0,0
BRDA:26,40,0,0
BRDA:26,41,0,0
BRDA:26,42,0,4
BRDA:26,43,0,3
BRDA:26,44,0,1
BRDA:26,45,0,4
BRDA:26,46,0,2
BRDA:26,47,0,1
BRDA:26,48,0,0
BRDA:26,49,0,1
BRDA:26,50,0,0
BRDA:11,51,0,1
BRDA:12,52,0,2
BRDA:17,53,0,2
BRDA:26,54,0,2
BRDA:26,55,0,4
BRDA:18,56,0,2
BRDA:26,57,0,2
BRDA:20,58,0,1
BRF:59
BRH:39
end_of_record
TN:
SF:src\modules\users\services\UpdateProfileService.ts
FN:68,__decorate
FN:68,__metadata
FN:68,__param
FN:68,__awaiter
FN:68,adopt
FN:68,fulfilled
FN:68,rejected
FN:68,step
FN:68,__generator
FN:68,sent
FN:68,g.<computed>
FN:68,verb
FN:68,step
FN:68,__importDefault
FN:17,UpdateProfileService
FN:25,UpdateProfileService.execute
FNF:16
FNH:14
FNDA:1,__decorate
FNDA:1,__metadata
FNDA:2,__param
FNDA:6,__awaiter
FNDA:14,adopt
FNDA:14,fulfilled
FNDA:0,rejected
FNDA:16,step
FNDA:6,__generator
FNDA:14,sent
FNDA:0,g.<computed>
FNDA:18,verb
FNDA:20,step
FNDA:1,__importDefault
FNDA:6,UpdateProfileService
FNDA:6,UpdateProfileService.execute
DA:1,1
DA:2,1
DA:3,1
DA:4,1
DA:5,1
DA:6,1
DA:7,1
DA:8,1
DA:9,1
DA:10,1
DA:11,1
DA:12,1
DA:13,1
DA:14,1
DA:15,1
DA:16,1
DA:17,1
DA:18,6
DA:19,6
DA:20,6
DA:21,6
DA:22,6
DA:23,6
DA:24,1
DA:25,1
DA:26,6
DA:27,6
DA:28,6
DA:29,6
DA:30,6
DA:31,6
DA:32,6
DA:33,6
DA:34,6
DA:35,1
DA:36,1
DA:37,5
DA:38,5
DA:39,6
DA:40,6
DA:41,1
DA:42,1
DA:43,4
DA:44,4
DA:45,4
DA:46,4
DA:47,6
DA:48,1
DA:49,1
DA:50,1
DA:51,1
DA:52,3
DA:53,6
DA:54,2
DA:55,2
DA:56,2
DA:57,2
DA:58,6
DA:59,6
DA:60,1
DA:61,1
DA:62,1
DA:63,1
DA:64,6
DA:65,6
DA:66,6
DA:67,6
DA:68,1
LF:68
LH:68
BRDA:68,0,0,1
BRDA:68,1,0,1
BRDA:68,2,0,0
BRDA:68,3,0,0
BRDA:68,4,0,0
BRDA:68,5,0,0
BRDA:68,6,0,1
BRDA:68,7,0,2
BRDA:68,8,0,2
BRDA:68,9,0,6
BRDA:68,10,0,14
BRDA:68,11,0,0
BRDA:68,12,0,6
BRDA:68,13,0,14
BRDA:68,14,0,10
BRDA:68,15,0,4
BRDA:68,16,0,16
BRDA:68,17,0,2
BRDA:68,18,0,14
BRDA:68,19,0,6
BRDA:68,20,0,14
BRDA:68,21,0,0
BRDA:68,22,0,18
BRDA:68,23,0,20
BRDA:68,24,0,20
BRDA:68,25,0,0
BRDA:68,26,0,41
BRDA:68,27,0,0
BRDA:68,28,0,0
BRDA:68,29,0,0
BRDA:68,30,0,0
BRDA:68,31,0,20
BRDA:68,32,0,20
BRDA:68,33,0,14
BRDA:68,34,0,0
BRDA:68,35,0,0
BRDA:68,36,0,7
BRDA:68,37,0,0
BRDA:68,38,0,3
BRDA:68,39,0,6
BRDA:68,40,0,1
BRDA:68,41,0,0
BRDA:68,42,0,1
BRDA:68,43,0,0
BRDA:68,44,0,0
BRDA:68,45,0,0
BRDA:68,46,0,21
BRDA:68,47,0,17
BRDA:68,48,0,4
BRDA:68,49,0,21
BRDA:68,50,0,6
BRDA:68,51,0,4
BRDA:68,52,0,2
BRDA:68,53,0,0
BRDA:68,54,0,1
BRDA:68,55,0,0
BRDA:16,56,0,1
BRDA:17,57,0,6
BRDA:25,58,0,6
BRDA:68,59,0,6
BRDA:68,60,0,21
BRDA:32,61,0,6
BRDA:68,62,0,6
BRDA:34,63,0,1
BRDA:36,64,0,5
BRDA:68,65,0,5
BRDA:40,66,0,1
BRDA:40,67,0,1
BRDA:42,68,0,4
BRDA:47,69,0,3
BRDA:47,70,0,1
BRDA:51,71,0,3
BRDA:53,72,0,2
BRDA:53,73,0,1
BRDA:53,74,0,2
BRDA:68,75,0,2
BRDA:59,76,0,1
BRDA:68,77,0,1
BRDA:66,78,0,2
BRF:79
BRH:59
end_of_record
TN:
SF:src\modules\users\services\UpdateUserAvatarService.ts
FN:51,__decorate
FN:51,__metadata
FN:51,__param
FN:51,__awaiter
FN:51,adopt
FN:51,fulfilled
FN:51,rejected
FN:51,step
FN:51,__generator
FN:51,sent
FN:51,g.<computed>
FN:51,verb
FN:51,step
FN:51,__importDefault
FN:18,UpdateUserAvatarService
FN:26,UpdateUserAvatarService.execute
FNF:16
FNH:14
FNDA:1,__decorate
FNDA:1,__metadata
FNDA:2,__param
FNDA:4,__awaiter
FNDA:11,adopt
FNDA:11,fulfilled
FNDA:0,rejected
FNDA:14,step
FNDA:4,__generator
FNDA:11,sent
FNDA:0,g.<computed>
FNDA:12,verb
FNDA:15,step
FNDA:1,__importDefault
FNDA:3,UpdateUserAvatarService
FNDA:4,UpdateUserAvatarService.execute
DA:1,1
DA:2,1
DA:3,1
DA:4,1
DA:5,1
DA:6,1
DA:7,1
DA:8,1
DA:9,1
DA:10,1
DA:11,1
DA:12,1
DA:13,1
DA:14,1
DA:15,1
DA:16,1
DA:17,1
DA:18,1
DA:19,3
DA:20,3
DA:21,3
DA:22,3
DA:23,3
DA:24,3
DA:25,1
DA:26,1
DA:27,4
DA:28,4
DA:29,4
DA:30,4
DA:31,4
DA:32,4
DA:33,1
DA:34,1
DA:35,1
DA:36,1
DA:37,1
DA:38,3
DA:39,3
DA:40,1
DA:41,4
DA:42,4
DA:43,4
DA:44,4
DA:45,4
DA:46,4
DA:47,4
DA:48,4
DA:49,4
DA:50,4
DA:51,1
LF:51
LH:51
BRDA:51,0,0,1
BRDA:51,1,0,1
BRDA:51,2,0,0
BRDA:51,3,0,0
BRDA:51,4,0,0
BRDA:51,5,0,0
BRDA:51,6,0,1
BRDA:51,7,0,2
BRDA:51,8,0,2
BRDA:51,9,0,4
BRDA:51,10,0,11
BRDA:51,11,0,0
BRDA:51,12,0,4
BRDA:51,13,0,11
BRDA:51,14,0,10
BRDA:51,15,0,1
BRDA:51,16,0,14
BRDA:51,17,0,3
BRDA:51,18,0,11
BRDA:51,19,0,4
BRDA:51,20,0,11
BRDA:51,21,0,0
BRDA:51,22,0,12
BRDA:51,23,0,15
BRDA:51,24,0,15
BRDA:51,25,0,0
BRDA:51,26,0,32
BRDA:51,27,0,0
BRDA:51,28,0,0
BRDA:51,29,0,0
BRDA:51,30,0,0
BRDA:51,31,0,15
BRDA:51,32,0,15
BRDA:51,33,0,11
BRDA:51,34,0,0
BRDA:51,35,0,0
BRDA:51,36,0,6
BRDA:51,37,0,0
BRDA:51,38,0,5
BRDA:51,39,0,4
BRDA:51,40,0,2
BRDA:51,41,0,0
BRDA:51,42,0,2
BRDA:51,43,0,0
BRDA:51,44,0,0
BRDA:51,45,0,0
BRDA:51,46,0,17
BRDA:51,47,0,16
BRDA:51,48,0,1
BRDA:51,49,0,17
BRDA:51,50,0,4
BRDA:51,51,0,1
BRDA:51,52,0,3
BRDA:51,53,0,0
BRDA:51,54,0,1
BRDA:51,55,0,0
BRDA:17,56,0,1
BRDA:18,57,0,3
BRDA:26,58,0,4
BRDA:51,59,0,4
BRDA:51,60,0,17
BRDA:30,61,0,4
BRDA:51,62,0,4
BRDA:32,63,0,1
BRDA:37,64,0,3
BRDA:39,65,0,2
BRDA:39,66,0,1
BRDA:51,67,0,1
BRDA:43,68,0,3
BRDA:51,69,0,3
BRDA:51,70,0,3
BRF:71
BRH:51
end_of_record
